Performing C SOURCE FILE Test CMAKE_HAVE_LIBC_PTHREAD failed with the following output:
Change Dir: /home/sharkigamers/delivery/Semester_5/B-YEP-500-PAR-5-1-zia-emmanuel.blineau/build/CMakeFiles/CMakeTmp

Run Build Command(s):/usr/bin/gmake cmTC_83a16/fast && /usr/bin/gmake  -f CMakeFiles/cmTC_83a16.dir/build.make CMakeFiles/cmTC_83a16.dir/build
gmake[1] : on entre dans le répertoire « /home/sharkigamers/delivery/Semester_5/B-YEP-500-PAR-5-1-zia-emmanuel.blineau/build/CMakeFiles/CMakeTmp »
Building C object CMakeFiles/cmTC_83a16.dir/src.c.o
/usr/lib64/ccache/cc   -DCMAKE_HAVE_LIBC_PTHREAD   -o CMakeFiles/cmTC_83a16.dir/src.c.o   -c /home/sharkigamers/delivery/Semester_5/B-YEP-500-PAR-5-1-zia-emmanuel.blineau/build/CMakeFiles/CMakeTmp/src.c
Linking C executable cmTC_83a16
/usr/bin/cmake -E cmake_link_script CMakeFiles/cmTC_83a16.dir/link.txt --verbose=1
/usr/lib64/ccache/cc  -DCMAKE_HAVE_LIBC_PTHREAD    CMakeFiles/cmTC_83a16.dir/src.c.o  -o cmTC_83a16 
/usr/bin/ld : CMakeFiles/cmTC_83a16.dir/src.c.o : dans la fonction « main » :
src.c:(.text+0x2d) : référence indéfinie vers « pthread_create »
/usr/bin/ld : src.c:(.text+0x39) : référence indéfinie vers « pthread_detach »
/usr/bin/ld : src.c:(.text+0x45) : référence indéfinie vers « pthread_cancel »
/usr/bin/ld : src.c:(.text+0x56) : référence indéfinie vers « pthread_join »
collect2: erreur: ld a retourné le statut de sortie 1
gmake[1]: *** [CMakeFiles/cmTC_83a16.dir/build.make:107: cmTC_83a16] Error 1
gmake[1] : on quitte le répertoire « /home/sharkigamers/delivery/Semester_5/B-YEP-500-PAR-5-1-zia-emmanuel.blineau/build/CMakeFiles/CMakeTmp »
gmake: *** [Makefile:141: cmTC_83a16/fast] Error 2


Source file was:
#include <pthread.h>

void* test_func(void* data)
{
  return data;
}

int main(void)
{
  pthread_t thread;
  pthread_create(&thread, NULL, test_func, NULL);
  pthread_detach(thread);
  pthread_cancel(thread);
  pthread_join(thread, NULL);
  pthread_atfork(NULL, NULL, NULL);
  pthread_exit(NULL);

  return 0;
}

